Determining if the pthread_create exist failed with the following output:
Change Dir: /home/ys/rrc/PoseShapeOptimization/ceres/CMakeFiles/CMakeTmp

Run Build Command:"/usr/bin/make" "cmTC_8371b/fast"
/usr/bin/make -f CMakeFiles/cmTC_8371b.dir/build.make CMakeFiles/cmTC_8371b.dir/build
make[1]: Entering directory '/home/ys/rrc/PoseShapeOptimization/ceres/CMakeFiles/CMakeTmp'
Building C object CMakeFiles/cmTC_8371b.dir/CheckSymbolExists.c.o
/usr/bin/cc    -o CMakeFiles/cmTC_8371b.dir/CheckSymbolExists.c.o   -c /home/ys/rrc/PoseShapeOptimization/ceres/CMakeFiles/CMakeTmp/CheckSymbolExists.c
Linking C executable cmTC_8371b
/usr/bin/cmake -E cmake_link_script CMakeFiles/cmTC_8371b.dir/link.txt --verbose=1
/usr/bin/cc      -rdynamic CMakeFiles/cmTC_8371b.dir/CheckSymbolExists.c.o  -o cmTC_8371b 
CMakeFiles/cmTC_8371b.dir/CheckSymbolExists.c.o: In function `main':
CheckSymbolExists.c:(.text+0x1b): undefined reference to `pthread_create'
collect2: error: ld returned 1 exit status
CMakeFiles/cmTC_8371b.dir/build.make:97: recipe for target 'cmTC_8371b' failed
make[1]: *** [cmTC_8371b] Error 1
make[1]: Leaving directory '/home/ys/rrc/PoseShapeOptimization/ceres/CMakeFiles/CMakeTmp'
Makefile:126: recipe for target 'cmTC_8371b/fast' failed
make: *** [cmTC_8371b/fast] Error 2

File /home/ys/rrc/PoseShapeOptimization/ceres/CMakeFiles/CMakeTmp/CheckSymbolExists.c:
/* */
#include <pthread.h>

int main(int argc, char** argv)
{
  (void)argv;
#ifndef pthread_create
  return ((int*)(&pthread_create))[argc];
#else
  (void)argc;
  return 0;
#endif
}

Determining if the function pthread_create exists in the pthreads failed with the following output:
Change Dir: /home/ys/rrc/PoseShapeOptimization/ceres/CMakeFiles/CMakeTmp

Run Build Command:"/usr/bin/make" "cmTC_dec24/fast"
/usr/bin/make -f CMakeFiles/cmTC_dec24.dir/build.make CMakeFiles/cmTC_dec24.dir/build
make[1]: Entering directory '/home/ys/rrc/PoseShapeOptimization/ceres/CMakeFiles/CMakeTmp'
Building C object CMakeFiles/cmTC_dec24.dir/CheckFunctionExists.c.o
/usr/bin/cc   -DCHECK_FUNCTION_EXISTS=pthread_create   -o CMakeFiles/cmTC_dec24.dir/CheckFunctionExists.c.o   -c /usr/share/cmake-3.10/Modules/CheckFunctionExists.c
Linking C executable cmTC_dec24
/usr/bin/cmake -E cmake_link_script CMakeFiles/cmTC_dec24.dir/link.txt --verbose=1
/usr/bin/cc  -DCHECK_FUNCTION_EXISTS=pthread_create    -rdynamic CMakeFiles/cmTC_dec24.dir/CheckFunctionExists.c.o  -o cmTC_dec24 -lpthreads 
/usr/bin/ld: cannot find -lpthreads
collect2: error: ld returned 1 exit status
CMakeFiles/cmTC_dec24.dir/build.make:97: recipe for target 'cmTC_dec24' failed
make[1]: *** [cmTC_dec24] Error 1
make[1]: Leaving directory '/home/ys/rrc/PoseShapeOptimization/ceres/CMakeFiles/CMakeTmp'
Makefile:126: recipe for target 'cmTC_dec24/fast' failed
make: *** [cmTC_dec24/fast] Error 2


Performing C SOURCE FILE Test CMAKE_HAVE_LIBC_PTHREAD failed with the following output:
Change Dir: /home/tushar/Desktop/RRC/Pose-shape-optimizer-pipeline/ceres/CMakeFiles/CMakeTmp

Run Build Command(s):/usr/bin/make cmTC_5399d/fast && /usr/bin/make -f CMakeFiles/cmTC_5399d.dir/build.make CMakeFiles/cmTC_5399d.dir/build
make[1]: Entering directory '/home/tushar/Desktop/RRC/Pose-shape-optimizer-pipeline/ceres/CMakeFiles/CMakeTmp'
Building C object CMakeFiles/cmTC_5399d.dir/src.c.o
/usr/bin/cc   -DCMAKE_HAVE_LIBC_PTHREAD   -o CMakeFiles/cmTC_5399d.dir/src.c.o   -c /home/tushar/Desktop/RRC/Pose-shape-optimizer-pipeline/ceres/CMakeFiles/CMakeTmp/src.c
Linking C executable cmTC_5399d
/usr/bin/cmake -E cmake_link_script CMakeFiles/cmTC_5399d.dir/link.txt --verbose=1
/usr/bin/cc  -DCMAKE_HAVE_LIBC_PTHREAD    -rdynamic CMakeFiles/cmTC_5399d.dir/src.c.o  -o cmTC_5399d 
/usr/bin/ld: CMakeFiles/cmTC_5399d.dir/src.c.o: in function `main':
src.c:(.text+0x46): undefined reference to `pthread_create'
/usr/bin/ld: src.c:(.text+0x52): undefined reference to `pthread_detach'
/usr/bin/ld: src.c:(.text+0x63): undefined reference to `pthread_join'
collect2: error: ld returned 1 exit status
make[1]: *** [CMakeFiles/cmTC_5399d.dir/build.make:87: cmTC_5399d] Error 1
make[1]: Leaving directory '/home/tushar/Desktop/RRC/Pose-shape-optimizer-pipeline/ceres/CMakeFiles/CMakeTmp'
make: *** [Makefile:121: cmTC_5399d/fast] Error 2


Source file was:
#include <pthread.h>

void* test_func(void* data)
{
  return data;
}

int main(void)
{
  pthread_t thread;
  pthread_create(&thread, NULL, test_func, NULL);
  pthread_detach(thread);
  pthread_join(thread, NULL);
  pthread_atfork(NULL, NULL, NULL);
  pthread_exit(NULL);

  return 0;
}

Determining if the function pthread_create exists in the pthreads failed with the following output:
Change Dir: /home/tushar/Desktop/RRC/Pose-shape-optimizer-pipeline/ceres/CMakeFiles/CMakeTmp

Run Build Command(s):/usr/bin/make cmTC_52a57/fast && /usr/bin/make -f CMakeFiles/cmTC_52a57.dir/build.make CMakeFiles/cmTC_52a57.dir/build
make[1]: Entering directory '/home/tushar/Desktop/RRC/Pose-shape-optimizer-pipeline/ceres/CMakeFiles/CMakeTmp'
Building C object CMakeFiles/cmTC_52a57.dir/CheckFunctionExists.c.o
/usr/bin/cc   -DCHECK_FUNCTION_EXISTS=pthread_create   -o CMakeFiles/cmTC_52a57.dir/CheckFunctionExists.c.o   -c /usr/share/cmake-3.16/Modules/CheckFunctionExists.c
Linking C executable cmTC_52a57
/usr/bin/cmake -E cmake_link_script CMakeFiles/cmTC_52a57.dir/link.txt --verbose=1
/usr/bin/cc  -DCHECK_FUNCTION_EXISTS=pthread_create    -rdynamic CMakeFiles/cmTC_52a57.dir/CheckFunctionExists.c.o  -o cmTC_52a57  -lpthreads 
/usr/bin/ld: cannot find -lpthreads
collect2: error: ld returned 1 exit status
make[1]: *** [CMakeFiles/cmTC_52a57.dir/build.make:87: cmTC_52a57] Error 1
make[1]: Leaving directory '/home/tushar/Desktop/RRC/Pose-shape-optimizer-pipeline/ceres/CMakeFiles/CMakeTmp'
make: *** [Makefile:121: cmTC_52a57/fast] Error 2



Performing C SOURCE FILE Test CMAKE_HAVE_LIBC_PTHREAD failed with the following output:
Change Dir: /home/tushar/Desktop/RRC/Pose-shape-optimizer-pipeline/ceres/CMakeFiles/CMakeTmp

Run Build Command(s):/usr/bin/make cmTC_bfa61/fast && /usr/bin/make -f CMakeFiles/cmTC_bfa61.dir/build.make CMakeFiles/cmTC_bfa61.dir/build
make[1]: Entering directory '/home/tushar/Desktop/RRC/Pose-shape-optimizer-pipeline/ceres/CMakeFiles/CMakeTmp'
Building C object CMakeFiles/cmTC_bfa61.dir/src.c.o
/usr/bin/cc   -DCMAKE_HAVE_LIBC_PTHREAD   -o CMakeFiles/cmTC_bfa61.dir/src.c.o   -c /home/tushar/Desktop/RRC/Pose-shape-optimizer-pipeline/ceres/CMakeFiles/CMakeTmp/src.c
Linking C executable cmTC_bfa61
/usr/bin/cmake -E cmake_link_script CMakeFiles/cmTC_bfa61.dir/link.txt --verbose=1
/usr/bin/cc  -DCMAKE_HAVE_LIBC_PTHREAD    -rdynamic CMakeFiles/cmTC_bfa61.dir/src.c.o  -o cmTC_bfa61 
/usr/bin/ld: CMakeFiles/cmTC_bfa61.dir/src.c.o: in function `main':
src.c:(.text+0x46): undefined reference to `pthread_create'
/usr/bin/ld: src.c:(.text+0x52): undefined reference to `pthread_detach'
/usr/bin/ld: src.c:(.text+0x63): undefined reference to `pthread_join'
collect2: error: ld returned 1 exit status
make[1]: *** [CMakeFiles/cmTC_bfa61.dir/build.make:87: cmTC_bfa61] Error 1
make[1]: Leaving directory '/home/tushar/Desktop/RRC/Pose-shape-optimizer-pipeline/ceres/CMakeFiles/CMakeTmp'
make: *** [Makefile:121: cmTC_bfa61/fast] Error 2


Source file was:
#include <pthread.h>

void* test_func(void* data)
{
  return data;
}

int main(void)
{
  pthread_t thread;
  pthread_create(&thread, NULL, test_func, NULL);
  pthread_detach(thread);
  pthread_join(thread, NULL);
  pthread_atfork(NULL, NULL, NULL);
  pthread_exit(NULL);

  return 0;
}

Determining if the function pthread_create exists in the pthreads failed with the following output:
Change Dir: /home/tushar/Desktop/RRC/Pose-shape-optimizer-pipeline/ceres/CMakeFiles/CMakeTmp

Run Build Command(s):/usr/bin/make cmTC_18d03/fast && /usr/bin/make -f CMakeFiles/cmTC_18d03.dir/build.make CMakeFiles/cmTC_18d03.dir/build
make[1]: Entering directory '/home/tushar/Desktop/RRC/Pose-shape-optimizer-pipeline/ceres/CMakeFiles/CMakeTmp'
Building C object CMakeFiles/cmTC_18d03.dir/CheckFunctionExists.c.o
/usr/bin/cc   -DCHECK_FUNCTION_EXISTS=pthread_create   -o CMakeFiles/cmTC_18d03.dir/CheckFunctionExists.c.o   -c /usr/share/cmake-3.16/Modules/CheckFunctionExists.c
Linking C executable cmTC_18d03
/usr/bin/cmake -E cmake_link_script CMakeFiles/cmTC_18d03.dir/link.txt --verbose=1
/usr/bin/cc  -DCHECK_FUNCTION_EXISTS=pthread_create    -rdynamic CMakeFiles/cmTC_18d03.dir/CheckFunctionExists.c.o  -o cmTC_18d03  -lpthreads 
/usr/bin/ld: cannot find -lpthreads
collect2: error: ld returned 1 exit status
make[1]: *** [CMakeFiles/cmTC_18d03.dir/build.make:87: cmTC_18d03] Error 1
make[1]: Leaving directory '/home/tushar/Desktop/RRC/Pose-shape-optimizer-pipeline/ceres/CMakeFiles/CMakeTmp'
make: *** [Makefile:121: cmTC_18d03/fast] Error 2



Performing C SOURCE FILE Test CMAKE_HAVE_LIBC_PTHREAD failed with the following output:
Change Dir: /home/tushar/Desktop/RRC/Pose-shape-optimizer-pipeline/ceres/CMakeFiles/CMakeTmp

Run Build Command(s):/usr/bin/make cmTC_ffbd0/fast && /usr/bin/make -f CMakeFiles/cmTC_ffbd0.dir/build.make CMakeFiles/cmTC_ffbd0.dir/build
make[1]: Entering directory '/home/tushar/Desktop/RRC/Pose-shape-optimizer-pipeline/ceres/CMakeFiles/CMakeTmp'
Building C object CMakeFiles/cmTC_ffbd0.dir/src.c.o
/usr/bin/cc   -DCMAKE_HAVE_LIBC_PTHREAD   -o CMakeFiles/cmTC_ffbd0.dir/src.c.o   -c /home/tushar/Desktop/RRC/Pose-shape-optimizer-pipeline/ceres/CMakeFiles/CMakeTmp/src.c
Linking C executable cmTC_ffbd0
/usr/bin/cmake -E cmake_link_script CMakeFiles/cmTC_ffbd0.dir/link.txt --verbose=1
/usr/bin/cc  -DCMAKE_HAVE_LIBC_PTHREAD    -rdynamic CMakeFiles/cmTC_ffbd0.dir/src.c.o  -o cmTC_ffbd0 
/usr/bin/ld: CMakeFiles/cmTC_ffbd0.dir/src.c.o: in function `main':
src.c:(.text+0x46): undefined reference to `pthread_create'
/usr/bin/ld: src.c:(.text+0x52): undefined reference to `pthread_detach'
/usr/bin/ld: src.c:(.text+0x63): undefined reference to `pthread_join'
collect2: error: ld returned 1 exit status
make[1]: *** [CMakeFiles/cmTC_ffbd0.dir/build.make:87: cmTC_ffbd0] Error 1
make[1]: Leaving directory '/home/tushar/Desktop/RRC/Pose-shape-optimizer-pipeline/ceres/CMakeFiles/CMakeTmp'
make: *** [Makefile:121: cmTC_ffbd0/fast] Error 2


Source file was:
#include <pthread.h>

void* test_func(void* data)
{
  return data;
}

int main(void)
{
  pthread_t thread;
  pthread_create(&thread, NULL, test_func, NULL);
  pthread_detach(thread);
  pthread_join(thread, NULL);
  pthread_atfork(NULL, NULL, NULL);
  pthread_exit(NULL);

  return 0;
}

Determining if the function pthread_create exists in the pthreads failed with the following output:
Change Dir: /home/tushar/Desktop/RRC/Pose-shape-optimizer-pipeline/ceres/CMakeFiles/CMakeTmp

Run Build Command(s):/usr/bin/make cmTC_fa85c/fast && /usr/bin/make -f CMakeFiles/cmTC_fa85c.dir/build.make CMakeFiles/cmTC_fa85c.dir/build
make[1]: Entering directory '/home/tushar/Desktop/RRC/Pose-shape-optimizer-pipeline/ceres/CMakeFiles/CMakeTmp'
Building C object CMakeFiles/cmTC_fa85c.dir/CheckFunctionExists.c.o
/usr/bin/cc   -DCHECK_FUNCTION_EXISTS=pthread_create   -o CMakeFiles/cmTC_fa85c.dir/CheckFunctionExists.c.o   -c /usr/share/cmake-3.16/Modules/CheckFunctionExists.c
Linking C executable cmTC_fa85c
/usr/bin/cmake -E cmake_link_script CMakeFiles/cmTC_fa85c.dir/link.txt --verbose=1
/usr/bin/cc  -DCHECK_FUNCTION_EXISTS=pthread_create    -rdynamic CMakeFiles/cmTC_fa85c.dir/CheckFunctionExists.c.o  -o cmTC_fa85c  -lpthreads 
/usr/bin/ld: cannot find -lpthreads
collect2: error: ld returned 1 exit status
make[1]: *** [CMakeFiles/cmTC_fa85c.dir/build.make:87: cmTC_fa85c] Error 1
make[1]: Leaving directory '/home/tushar/Desktop/RRC/Pose-shape-optimizer-pipeline/ceres/CMakeFiles/CMakeTmp'
make: *** [Makefile:121: cmTC_fa85c/fast] Error 2



Performing C SOURCE FILE Test CMAKE_HAVE_LIBC_PTHREAD failed with the following output:
Change Dir: /home/tushar/Desktop/RRC/Pose-shape-optimizer-pipeline/ceres/CMakeFiles/CMakeTmp

Run Build Command(s):/usr/bin/make cmTC_61061/fast && make[1]: Entering directory '/home/tushar/Desktop/RRC/Pose-shape-optimizer-pipeline/ceres/CMakeFiles/CMakeTmp'
/usr/bin/make -f CMakeFiles/cmTC_61061.dir/build.make CMakeFiles/cmTC_61061.dir/build
make[2]: Entering directory '/home/tushar/Desktop/RRC/Pose-shape-optimizer-pipeline/ceres/CMakeFiles/CMakeTmp'
Building C object CMakeFiles/cmTC_61061.dir/src.c.o
/usr/bin/cc   -DCMAKE_HAVE_LIBC_PTHREAD   -o CMakeFiles/cmTC_61061.dir/src.c.o   -c /home/tushar/Desktop/RRC/Pose-shape-optimizer-pipeline/ceres/CMakeFiles/CMakeTmp/src.c
Linking C executable cmTC_61061
/usr/bin/cmake -E cmake_link_script CMakeFiles/cmTC_61061.dir/link.txt --verbose=1
/usr/bin/cc  -DCMAKE_HAVE_LIBC_PTHREAD    -rdynamic CMakeFiles/cmTC_61061.dir/src.c.o  -o cmTC_61061 
/usr/bin/ld: CMakeFiles/cmTC_61061.dir/src.c.o: in function `main':
src.c:(.text+0x46): undefined reference to `pthread_create'
/usr/bin/ld: src.c:(.text+0x52): undefined reference to `pthread_detach'
/usr/bin/ld: src.c:(.text+0x63): undefined reference to `pthread_join'
collect2: error: ld returned 1 exit status
make[2]: *** [CMakeFiles/cmTC_61061.dir/build.make:87: cmTC_61061] Error 1
make[2]: Leaving directory '/home/tushar/Desktop/RRC/Pose-shape-optimizer-pipeline/ceres/CMakeFiles/CMakeTmp'
make[1]: *** [Makefile:121: cmTC_61061/fast] Error 2
make[1]: Leaving directory '/home/tushar/Desktop/RRC/Pose-shape-optimizer-pipeline/ceres/CMakeFiles/CMakeTmp'


Source file was:
#include <pthread.h>

void* test_func(void* data)
{
  return data;
}

int main(void)
{
  pthread_t thread;
  pthread_create(&thread, NULL, test_func, NULL);
  pthread_detach(thread);
  pthread_join(thread, NULL);
  pthread_atfork(NULL, NULL, NULL);
  pthread_exit(NULL);

  return 0;
}

Determining if the function pthread_create exists in the pthreads failed with the following output:
Change Dir: /home/tushar/Desktop/RRC/Pose-shape-optimizer-pipeline/ceres/CMakeFiles/CMakeTmp

Run Build Command(s):/usr/bin/make cmTC_8a311/fast && make[1]: Entering directory '/home/tushar/Desktop/RRC/Pose-shape-optimizer-pipeline/ceres/CMakeFiles/CMakeTmp'
/usr/bin/make -f CMakeFiles/cmTC_8a311.dir/build.make CMakeFiles/cmTC_8a311.dir/build
make[2]: Entering directory '/home/tushar/Desktop/RRC/Pose-shape-optimizer-pipeline/ceres/CMakeFiles/CMakeTmp'
Building C object CMakeFiles/cmTC_8a311.dir/CheckFunctionExists.c.o
/usr/bin/cc   -DCHECK_FUNCTION_EXISTS=pthread_create   -o CMakeFiles/cmTC_8a311.dir/CheckFunctionExists.c.o   -c /usr/share/cmake-3.16/Modules/CheckFunctionExists.c
Linking C executable cmTC_8a311
/usr/bin/cmake -E cmake_link_script CMakeFiles/cmTC_8a311.dir/link.txt --verbose=1
/usr/bin/cc  -DCHECK_FUNCTION_EXISTS=pthread_create    -rdynamic CMakeFiles/cmTC_8a311.dir/CheckFunctionExists.c.o  -o cmTC_8a311  -lpthreads 
/usr/bin/ld: cannot find -lpthreads
collect2: error: ld returned 1 exit status
make[2]: *** [CMakeFiles/cmTC_8a311.dir/build.make:87: cmTC_8a311] Error 1
make[2]: Leaving directory '/home/tushar/Desktop/RRC/Pose-shape-optimizer-pipeline/ceres/CMakeFiles/CMakeTmp'
make[1]: *** [Makefile:121: cmTC_8a311/fast] Error 2
make[1]: Leaving directory '/home/tushar/Desktop/RRC/Pose-shape-optimizer-pipeline/ceres/CMakeFiles/CMakeTmp'



Performing C SOURCE FILE Test CMAKE_HAVE_LIBC_PTHREAD failed with the following output:
Change Dir: /home/tushar/Desktop/RRC/Pose-shape-optimizer-pipeline/ceres/CMakeFiles/CMakeTmp

Run Build Command(s):/usr/bin/make cmTC_7654b/fast && make[1]: Entering directory '/home/tushar/Desktop/RRC/Pose-shape-optimizer-pipeline/ceres/CMakeFiles/CMakeTmp'
/usr/bin/make -f CMakeFiles/cmTC_7654b.dir/build.make CMakeFiles/cmTC_7654b.dir/build
make[2]: Entering directory '/home/tushar/Desktop/RRC/Pose-shape-optimizer-pipeline/ceres/CMakeFiles/CMakeTmp'
Building C object CMakeFiles/cmTC_7654b.dir/src.c.o
/usr/bin/cc   -DCMAKE_HAVE_LIBC_PTHREAD   -o CMakeFiles/cmTC_7654b.dir/src.c.o   -c /home/tushar/Desktop/RRC/Pose-shape-optimizer-pipeline/ceres/CMakeFiles/CMakeTmp/src.c
Linking C executable cmTC_7654b
/usr/bin/cmake -E cmake_link_script CMakeFiles/cmTC_7654b.dir/link.txt --verbose=1
/usr/bin/cc  -DCMAKE_HAVE_LIBC_PTHREAD    -rdynamic CMakeFiles/cmTC_7654b.dir/src.c.o  -o cmTC_7654b 
/usr/bin/ld: CMakeFiles/cmTC_7654b.dir/src.c.o: in function `main':
src.c:(.text+0x46): undefined reference to `pthread_create'
/usr/bin/ld: src.c:(.text+0x52): undefined reference to `pthread_detach'
/usr/bin/ld: src.c:(.text+0x63): undefined reference to `pthread_join'
collect2: error: ld returned 1 exit status
make[2]: *** [CMakeFiles/cmTC_7654b.dir/build.make:87: cmTC_7654b] Error 1
make[2]: Leaving directory '/home/tushar/Desktop/RRC/Pose-shape-optimizer-pipeline/ceres/CMakeFiles/CMakeTmp'
make[1]: *** [Makefile:121: cmTC_7654b/fast] Error 2
make[1]: Leaving directory '/home/tushar/Desktop/RRC/Pose-shape-optimizer-pipeline/ceres/CMakeFiles/CMakeTmp'


Source file was:
#include <pthread.h>

void* test_func(void* data)
{
  return data;
}

int main(void)
{
  pthread_t thread;
  pthread_create(&thread, NULL, test_func, NULL);
  pthread_detach(thread);
  pthread_join(thread, NULL);
  pthread_atfork(NULL, NULL, NULL);
  pthread_exit(NULL);

  return 0;
}

Determining if the function pthread_create exists in the pthreads failed with the following output:
Change Dir: /home/tushar/Desktop/RRC/Pose-shape-optimizer-pipeline/ceres/CMakeFiles/CMakeTmp

Run Build Command(s):/usr/bin/make cmTC_f1e1a/fast && make[1]: Entering directory '/home/tushar/Desktop/RRC/Pose-shape-optimizer-pipeline/ceres/CMakeFiles/CMakeTmp'
/usr/bin/make -f CMakeFiles/cmTC_f1e1a.dir/build.make CMakeFiles/cmTC_f1e1a.dir/build
make[2]: Entering directory '/home/tushar/Desktop/RRC/Pose-shape-optimizer-pipeline/ceres/CMakeFiles/CMakeTmp'
Building C object CMakeFiles/cmTC_f1e1a.dir/CheckFunctionExists.c.o
/usr/bin/cc   -DCHECK_FUNCTION_EXISTS=pthread_create   -o CMakeFiles/cmTC_f1e1a.dir/CheckFunctionExists.c.o   -c /usr/share/cmake-3.16/Modules/CheckFunctionExists.c
Linking C executable cmTC_f1e1a
/usr/bin/cmake -E cmake_link_script CMakeFiles/cmTC_f1e1a.dir/link.txt --verbose=1
/usr/bin/cc  -DCHECK_FUNCTION_EXISTS=pthread_create    -rdynamic CMakeFiles/cmTC_f1e1a.dir/CheckFunctionExists.c.o  -o cmTC_f1e1a  -lpthreads 
/usr/bin/ld: cannot find -lpthreads
collect2: error: ld returned 1 exit status
make[2]: *** [CMakeFiles/cmTC_f1e1a.dir/build.make:87: cmTC_f1e1a] Error 1
make[2]: Leaving directory '/home/tushar/Desktop/RRC/Pose-shape-optimizer-pipeline/ceres/CMakeFiles/CMakeTmp'
make[1]: *** [Makefile:121: cmTC_f1e1a/fast] Error 2
make[1]: Leaving directory '/home/tushar/Desktop/RRC/Pose-shape-optimizer-pipeline/ceres/CMakeFiles/CMakeTmp'



Performing C SOURCE FILE Test CMAKE_HAVE_LIBC_PTHREAD failed with the following output:
Change Dir: /home/tushar/Desktop/RRC/Pose-shape-optimizer-pipeline/ceres/CMakeFiles/CMakeTmp

Run Build Command(s):/usr/bin/make cmTC_a0dc4/fast && make[1]: Entering directory '/home/tushar/Desktop/RRC/Pose-shape-optimizer-pipeline/ceres/CMakeFiles/CMakeTmp'
/usr/bin/make -f CMakeFiles/cmTC_a0dc4.dir/build.make CMakeFiles/cmTC_a0dc4.dir/build
make[2]: Entering directory '/home/tushar/Desktop/RRC/Pose-shape-optimizer-pipeline/ceres/CMakeFiles/CMakeTmp'
Building C object CMakeFiles/cmTC_a0dc4.dir/src.c.o
/usr/bin/cc   -DCMAKE_HAVE_LIBC_PTHREAD   -o CMakeFiles/cmTC_a0dc4.dir/src.c.o   -c /home/tushar/Desktop/RRC/Pose-shape-optimizer-pipeline/ceres/CMakeFiles/CMakeTmp/src.c
Linking C executable cmTC_a0dc4
/usr/bin/cmake -E cmake_link_script CMakeFiles/cmTC_a0dc4.dir/link.txt --verbose=1
/usr/bin/cc  -DCMAKE_HAVE_LIBC_PTHREAD    -rdynamic CMakeFiles/cmTC_a0dc4.dir/src.c.o  -o cmTC_a0dc4 
/usr/bin/ld: CMakeFiles/cmTC_a0dc4.dir/src.c.o: in function `main':
src.c:(.text+0x46): undefined reference to `pthread_create'
/usr/bin/ld: src.c:(.text+0x52): undefined reference to `pthread_detach'
/usr/bin/ld: src.c:(.text+0x63): undefined reference to `pthread_join'
collect2: error: ld returned 1 exit status
make[2]: *** [CMakeFiles/cmTC_a0dc4.dir/build.make:87: cmTC_a0dc4] Error 1
make[2]: Leaving directory '/home/tushar/Desktop/RRC/Pose-shape-optimizer-pipeline/ceres/CMakeFiles/CMakeTmp'
make[1]: *** [Makefile:121: cmTC_a0dc4/fast] Error 2
make[1]: Leaving directory '/home/tushar/Desktop/RRC/Pose-shape-optimizer-pipeline/ceres/CMakeFiles/CMakeTmp'


Source file was:
#include <pthread.h>

void* test_func(void* data)
{
  return data;
}

int main(void)
{
  pthread_t thread;
  pthread_create(&thread, NULL, test_func, NULL);
  pthread_detach(thread);
  pthread_join(thread, NULL);
  pthread_atfork(NULL, NULL, NULL);
  pthread_exit(NULL);

  return 0;
}

Determining if the function pthread_create exists in the pthreads failed with the following output:
Change Dir: /home/tushar/Desktop/RRC/Pose-shape-optimizer-pipeline/ceres/CMakeFiles/CMakeTmp

Run Build Command(s):/usr/bin/make cmTC_4774f/fast && make[1]: Entering directory '/home/tushar/Desktop/RRC/Pose-shape-optimizer-pipeline/ceres/CMakeFiles/CMakeTmp'
/usr/bin/make -f CMakeFiles/cmTC_4774f.dir/build.make CMakeFiles/cmTC_4774f.dir/build
make[2]: Entering directory '/home/tushar/Desktop/RRC/Pose-shape-optimizer-pipeline/ceres/CMakeFiles/CMakeTmp'
Building C object CMakeFiles/cmTC_4774f.dir/CheckFunctionExists.c.o
/usr/bin/cc   -DCHECK_FUNCTION_EXISTS=pthread_create   -o CMakeFiles/cmTC_4774f.dir/CheckFunctionExists.c.o   -c /usr/share/cmake-3.16/Modules/CheckFunctionExists.c
Linking C executable cmTC_4774f
/usr/bin/cmake -E cmake_link_script CMakeFiles/cmTC_4774f.dir/link.txt --verbose=1
/usr/bin/cc  -DCHECK_FUNCTION_EXISTS=pthread_create    -rdynamic CMakeFiles/cmTC_4774f.dir/CheckFunctionExists.c.o  -o cmTC_4774f  -lpthreads 
/usr/bin/ld: cannot find -lpthreads
collect2: error: ld returned 1 exit status
make[2]: *** [CMakeFiles/cmTC_4774f.dir/build.make:87: cmTC_4774f] Error 1
make[2]: Leaving directory '/home/tushar/Desktop/RRC/Pose-shape-optimizer-pipeline/ceres/CMakeFiles/CMakeTmp'
make[1]: *** [Makefile:121: cmTC_4774f/fast] Error 2
make[1]: Leaving directory '/home/tushar/Desktop/RRC/Pose-shape-optimizer-pipeline/ceres/CMakeFiles/CMakeTmp'



Performing C SOURCE FILE Test CMAKE_HAVE_LIBC_PTHREAD failed with the following output:
Change Dir: /home/tusharc31/Desktop/RRC/Pose-shape-optimizer-pipeline/ceres/CMakeFiles/CMakeTmp

Run Build Command(s):/usr/bin/gmake cmTC_1468b/fast && /usr/bin/gmake  -f CMakeFiles/cmTC_1468b.dir/build.make CMakeFiles/cmTC_1468b.dir/build
gmake[1]: Entering directory '/home/tusharc31/Desktop/RRC/Pose-shape-optimizer-pipeline/ceres/CMakeFiles/CMakeTmp'
Building C object CMakeFiles/cmTC_1468b.dir/src.c.o
/usr/bin/cc   -DCMAKE_HAVE_LIBC_PTHREAD -o CMakeFiles/cmTC_1468b.dir/src.c.o -c /home/tusharc31/Desktop/RRC/Pose-shape-optimizer-pipeline/ceres/CMakeFiles/CMakeTmp/src.c
Linking C executable cmTC_1468b
/usr/bin/cmake -E cmake_link_script CMakeFiles/cmTC_1468b.dir/link.txt --verbose=1
/usr/bin/cc  -DCMAKE_HAVE_LIBC_PTHREAD -rdynamic CMakeFiles/cmTC_1468b.dir/src.c.o -o cmTC_1468b 
/usr/bin/ld: CMakeFiles/cmTC_1468b.dir/src.c.o: in function `main':
src.c:(.text+0x46): undefined reference to `pthread_create'
/usr/bin/ld: src.c:(.text+0x52): undefined reference to `pthread_detach'
/usr/bin/ld: src.c:(.text+0x5e): undefined reference to `pthread_cancel'
/usr/bin/ld: src.c:(.text+0x6f): undefined reference to `pthread_join'
collect2: error: ld returned 1 exit status
gmake[1]: *** [CMakeFiles/cmTC_1468b.dir/build.make:106: cmTC_1468b] Error 1
gmake[1]: Leaving directory '/home/tusharc31/Desktop/RRC/Pose-shape-optimizer-pipeline/ceres/CMakeFiles/CMakeTmp'
gmake: *** [Makefile:140: cmTC_1468b/fast] Error 2


Source file was:
#include <pthread.h>

void* test_func(void* data)
{
  return data;
}

int main(void)
{
  pthread_t thread;
  pthread_create(&thread, NULL, test_func, NULL);
  pthread_detach(thread);
  pthread_cancel(thread);
  pthread_join(thread, NULL);
  pthread_atfork(NULL, NULL, NULL);
  pthread_exit(NULL);

  return 0;
}

Determining if the function pthread_create exists in the pthreads failed with the following output:
Change Dir: /home/tusharc31/Desktop/RRC/Pose-shape-optimizer-pipeline/ceres/CMakeFiles/CMakeTmp

Run Build Command(s):/usr/bin/gmake cmTC_b2237/fast && /usr/bin/gmake  -f CMakeFiles/cmTC_b2237.dir/build.make CMakeFiles/cmTC_b2237.dir/build
gmake[1]: Entering directory '/home/tusharc31/Desktop/RRC/Pose-shape-optimizer-pipeline/ceres/CMakeFiles/CMakeTmp'
Building C object CMakeFiles/cmTC_b2237.dir/CheckFunctionExists.c.o
/usr/bin/cc   -DCHECK_FUNCTION_EXISTS=pthread_create -o CMakeFiles/cmTC_b2237.dir/CheckFunctionExists.c.o -c /usr/share/cmake-3.18/Modules/CheckFunctionExists.c
Linking C executable cmTC_b2237
/usr/bin/cmake -E cmake_link_script CMakeFiles/cmTC_b2237.dir/link.txt --verbose=1
/usr/bin/cc  -DCHECK_FUNCTION_EXISTS=pthread_create -rdynamic CMakeFiles/cmTC_b2237.dir/CheckFunctionExists.c.o -o cmTC_b2237  -lpthreads 
/usr/bin/ld: cannot find -lpthreads
collect2: error: ld returned 1 exit status
gmake[1]: *** [CMakeFiles/cmTC_b2237.dir/build.make:106: cmTC_b2237] Error 1
gmake[1]: Leaving directory '/home/tusharc31/Desktop/RRC/Pose-shape-optimizer-pipeline/ceres/CMakeFiles/CMakeTmp'
gmake: *** [Makefile:140: cmTC_b2237/fast] Error 2



